<?xml version="1.0" encoding="UTF-8"?>
<testsuite name="Reto curso campusQA" tests="1" skipped="0" failures="0" errors="0" timestamp="2021-08-11T12:58:33" hostname="LAPTOP-PISRMKJI" time="6.517">
  <properties/>
  <testcase name="Inicio de sesión exitoso en cuenta de cliente" classname="Reto curso campusQA" time="6.517"/>
  <system-out><![CDATA[]]></system-out>
  <system-err><![CDATA[Starting ChromeDriver 92.0.4515.107 (87a818b10553a07434ea9e2b6dccf3cbe7895134-refs/branch-heads/4515@{#1634}) on port 32620
Only local connections are allowed.
Please see https://chromedriver.chromium.org/security-considerations for suggestions on keeping ChromeDriver safe.
ChromeDriver was started successfully.
ago 11, 2021 7:58:36 AM org.openqa.selenium.remote.ProtocolHandshake createSession
INFORMACIÓN: Detected dialect: W3C
]]></system-err>
</testsuite>
